Hello CHTC from Job 0 running on @gpu4001.chtc.wisc.edu
Defaulting to user installation because normal site-packages is not writeable
Requirement already satisfied: torch in /opt/conda/lib/python3.10/site-packages (from -r requirements.txt (line 1)) (2.2.0)
Requirement already satisfied: torchvision in /opt/conda/lib/python3.10/site-packages (from -r requirements.txt (line 2)) (0.17.0)
Requirement already satisfied: tqdm in /opt/conda/lib/python3.10/site-packages (from -r requirements.txt (line 3)) (4.65.0)
Requirement already satisfied: numpy in /opt/conda/lib/python3.10/site-packages (from -r requirements.txt (line 4)) (1.26.3)
Requirement already satisfied: Pillow in /opt/conda/lib/python3.10/site-packages (from -r requirements.txt (line 5)) (10.0.1)
Requirement already satisfied: filelock in /opt/conda/lib/python3.10/site-packages (from torch->-r requirements.txt (line 1)) (3.13.1)
Requirement already satisfied: typing-extensions>=4.8.0 in /opt/conda/lib/python3.10/site-packages (from torch->-r requirements.txt (line 1)) (4.9.0)
Requirement already satisfied: sympy in /opt/conda/lib/python3.10/site-packages (from torch->-r requirements.txt (line 1)) (1.12)
Requirement already satisfied: networkx in /opt/conda/lib/python3.10/site-packages (from torch->-r requirements.txt (line 1)) (3.1)
Requirement already satisfied: jinja2 in /opt/conda/lib/python3.10/site-packages (from torch->-r requirements.txt (line 1)) (3.1.2)
Requirement already satisfied: fsspec in /opt/conda/lib/python3.10/site-packages (from torch->-r requirements.txt (line 1)) (2023.12.2)
Requirement already satisfied: requests in /opt/conda/lib/python3.10/site-packages (from torchvision->-r requirements.txt (line 2)) (2.31.0)
Requirement already satisfied: MarkupSafe>=2.0 in /opt/conda/lib/python3.10/site-packages (from jinja2->torch->-r requirements.txt (line 1)) (2.1.3)
Requirement already satisfied: charset-normalizer<4,>=2 in /opt/conda/lib/python3.10/site-packages (from requests->torchvision->-r requirements.txt (line 2)) (2.0.4)
Requirement already satisfied: idna<4,>=2.5 in /opt/conda/lib/python3.10/site-packages (from requests->torchvision->-r requirements.txt (line 2)) (3.4)
Requirement already satisfied: urllib3<3,>=1.21.1 in /opt/conda/lib/python3.10/site-packages (from requests->torchvision->-r requirements.txt (line 2)) (1.26.18)
Requirement already satisfied: certifi>=2017.4.17 in /opt/conda/lib/python3.10/site-packages (from requests->torchvision->-r requirements.txt (line 2)) (2023.11.17)
Requirement already satisfied: mpmath>=0.19 in /opt/conda/lib/python3.10/site-packages (from sympy->torch->-r requirements.txt (line 1)) (1.3.0)
Downloading http://yann.lecun.com/exdb/mnist/train-images-idx3-ubyte.gz
Failed to download (trying next):
HTTP Error 404: Not Found

Downloading https://ossci-datasets.s3.amazonaws.com/mnist/train-images-idx3-ubyte.gz
Downloading https://ossci-datasets.s3.amazonaws.com/mnist/train-images-idx3-ubyte.gz to ./data/MNIST/raw/train-images-idx3-ubyte.gz
Extracting ./data/MNIST/raw/train-images-idx3-ubyte.gz to ./data/MNIST/raw

Downloading http://yann.lecun.com/exdb/mnist/train-labels-idx1-ubyte.gz
Failed to download (trying next):
HTTP Error 404: Not Found

Downloading https://ossci-datasets.s3.amazonaws.com/mnist/train-labels-idx1-ubyte.gz
Downloading https://ossci-datasets.s3.amazonaws.com/mnist/train-labels-idx1-ubyte.gz to ./data/MNIST/raw/train-labels-idx1-ubyte.gz
Extracting ./data/MNIST/raw/train-labels-idx1-ubyte.gz to ./data/MNIST/raw

Downloading http://yann.lecun.com/exdb/mnist/t10k-images-idx3-ubyte.gz
Failed to download (trying next):
HTTP Error 404: Not Found

Downloading https://ossci-datasets.s3.amazonaws.com/mnist/t10k-images-idx3-ubyte.gz
Downloading https://ossci-datasets.s3.amazonaws.com/mnist/t10k-images-idx3-ubyte.gz to ./data/MNIST/raw/t10k-images-idx3-ubyte.gz
Extracting ./data/MNIST/raw/t10k-images-idx3-ubyte.gz to ./data/MNIST/raw

Downloading http://yann.lecun.com/exdb/mnist/t10k-labels-idx1-ubyte.gz
Failed to download (trying next):
HTTP Error 404: Not Found

Downloading https://ossci-datasets.s3.amazonaws.com/mnist/t10k-labels-idx1-ubyte.gz
Downloading https://ossci-datasets.s3.amazonaws.com/mnist/t10k-labels-idx1-ubyte.gz to ./data/MNIST/raw/t10k-labels-idx1-ubyte.gz
Extracting ./data/MNIST/raw/t10k-labels-idx1-ubyte.gz to ./data/MNIST/raw

Epoch 1/50, Loss: 0.2492
Epoch 2/50, Loss: 0.0578
Epoch 3/50, Loss: 0.0403
Epoch 4/50, Loss: 0.0348
Epoch 5/50, Loss: 0.0318
Epoch 6/50, Loss: 0.0304
Epoch 7/50, Loss: 0.0287
Epoch 8/50, Loss: 0.0280
Epoch 9/50, Loss: 0.0272
Epoch 10/50, Loss: 0.0267
Epoch 11/50, Loss: 0.0261
Epoch 12/50, Loss: 0.0257
Epoch 13/50, Loss: 0.0252
Epoch 14/50, Loss: 0.0250
Epoch 15/50, Loss: 0.0250
Epoch 16/50, Loss: 0.0248
Epoch 17/50, Loss: 0.0244
Epoch 18/50, Loss: 0.0244
Epoch 19/50, Loss: 0.0239
Epoch 20/50, Loss: 0.0243
Epoch 21/50, Loss: 0.0237
Epoch 22/50, Loss: 0.0239
Epoch 23/50, Loss: 0.0237
Epoch 24/50, Loss: 0.0235
Epoch 25/50, Loss: 0.0233
Epoch 26/50, Loss: 0.0232
Epoch 27/50, Loss: 0.0233
Epoch 28/50, Loss: 0.0233
Epoch 29/50, Loss: 0.0233
Epoch 30/50, Loss: 0.0231
Epoch 31/50, Loss: 0.0230
Epoch 32/50, Loss: 0.0230
Epoch 33/50, Loss: 0.0228
Epoch 34/50, Loss: 0.0229
Epoch 35/50, Loss: 0.0228
Epoch 36/50, Loss: 0.0227
Epoch 37/50, Loss: 0.0230
Epoch 38/50, Loss: 0.0225
Epoch 39/50, Loss: 0.0224
Epoch 40/50, Loss: 0.0225
Epoch 41/50, Loss: 0.0224
Epoch 42/50, Loss: 0.0227
Epoch 43/50, Loss: 0.0225
Epoch 44/50, Loss: 0.0225
Epoch 45/50, Loss: 0.0225
Epoch 46/50, Loss: 0.0223
Epoch 47/50, Loss: 0.0222
Epoch 48/50, Loss: 0.0224
Epoch 49/50, Loss: 0.0221
Epoch 50/50, Loss: 0.0223
__pycache__
_condor_stderr
_condor_stdout
config.py
data
dataset.py
diffusion.py
home
mnist_diffusion
model.py
requirements.txt
run_diffusion.sh
sample.py
tmp
train.py
utils.py
var
ddpm_ckpt.pth
Generated samples saved to mnist_diffusion/generated_samples.png
__pycache__
_condor_stderr
_condor_stdout
config.py
data
dataset.py
diffusion.py
home
mnist_diffusion
model.py
requirements.txt
run_diffusion.sh
sample.py
tmp
train.py
utils.py
var
ddpm_ckpt.pth
generated_samples.png
