000 (4789287.000.000) 2026-03-09 20:29:35 Job submitted from host: <128.105.68.113:9618?addrs=128.105.68.113-9618+[2607-f388-2200-100-eaeb-d3ff-fea7-d05e]-9618&alias=ap2002.chtc.wisc.edu&noUDP&sock=schedd_8274_dab1>
...
040 (4789287.000.000) 2026-03-09 20:54:30 Started transferring input files
	Transferring to host: <128.105.68.102:9618?addrs=128.105.68.102-9618+[2607-f388-2200-100-1270-fdff-fe74-920]-9618&alias=gpu2010.chtc.wisc.edu&noUDP&sock=slot1_3_532930_2561_3587>
...
040 (4789287.000.000) 2026-03-09 20:54:30 Finished transferring input files
...
001 (4789287.000.000) 2026-03-09 20:54:43 Job executing on host: <128.105.68.102:9618?addrs=128.105.68.102-9618+[2607-f388-2200-100-1270-fdff-fe74-920]-9618&alias=gpu2010.chtc.wisc.edu&noUDP&sock=startd_12683_0fc1>
	SlotName: slot1_3@gpu2010.chtc.wisc.edu
	AvailableGPUs = { GPUs_GPU_0cc3c58b }
	CondorScratchDir = "/var/lib/condor/execute/slot1/dir_1674426/scratch"
	Cpus = 1
	Disk = 41943040
	GPUs = 1
	GPUs_GPU_0cc3c58b = [ Id = "GPU-0cc3c58b"; Capability = 8.0; DeviceName = "NVIDIA A100-SXM4-80GB"; DeviceUuid = "0cc3c58b-8a0c-06ce-e533-e80af8727bec"; ECCEnabled = true; NvidiaDriver = "570.195.03"; DriverVersion = 12.8; DevicePciBusId = "0000:81:00.0"; GlobalMemoryMb = 81154; MaxSupportedVersion = 12080 ]
	IoHeavy = 0
	Memory = 40960
...
006 (4789287.000.000) 2026-03-09 20:59:43 Image size of job updated: 1222
	1222  -  MemoryUsage of job (MB)
	1251692  -  ResidentSetSize of job (KB)
...
040 (4789287.000.000) 2026-03-09 22:59:52 Started transferring output files
...
040 (4789287.000.000) 2026-03-09 23:06:52 Finished transferring output files
...
021 (4789287.000.000) 2026-03-09 23:06:52 Error from starter on slot1_3@gpu2010.chtc.wisc.edu:
	STARTER at 128.105.68.102 failed to send file(s) to <128.105.68.113:9618>: : FILETRANSFER:1:non-zero exit (1) from /usr/libexec/condor/curl_plugin. |Error: Can't open /home/ageppert/single_photon_challenge/diffusion/mnist_diffusion/ddpm_ckpt.pth for writing (with environment: http_proxy='http://squid-cs-2360.chtc.wisc.edu:3128', https_proxy='') ( URL file = file:///home/ageppert/single_photon_challenge/diffusion/mnist_diffusion/ddpm_ckpt.pth )||FILETRANSFER:1:non-zero exit (1) from /usr/libexec/condor/curl_plugin. |Error: Can't open /home/ageppert/single_photon_challenge/diffusion/mnist_diffusion/generated_samples.png for writing (with environment: http_proxy='http://squid-cs-2360.chtc.wisc.edu:3128', https_proxy='') ( URL file = file:///home/ageppert/single_photon_challenge/diffusion/mnist_diffusion/generated_samples.png )|; SHADOW failed to receive file(s) from <128.105.68.102:41053>
	Code 13 Subcode 256
...
004 (4789287.000.000) 2026-03-09 23:06:52 Job was evicted. Code 12 Subcode 256
	(0) CPU times
		Usr 0 01:27:38, Sys 0 00:42:43  -  Run Remote Usage
		Usr 0 00:00:00, Sys 0 00:00:00  -  Run Local Usage
	0  -  Run Bytes Sent By Job
	23765  -  Run Bytes Received By Job
	Reason: Transfer output files failure at execution point slot1_3@gpu2010.chtc.wisc.edu using protocol file. Details: Can't open /home/ageppert/single_photon_challenge/diffusion/mnist_diffusion/ddpm_ckpt.pth for writing (with environment: http_proxy='http://squid-cs-2360.chtc.wisc.edu:3128', https_proxy='') ( URL file = file:///home/ageppert/single_photon_challenge/diffusion/mnist_diffusion/ddpm_ckpt.pth )||FILETRANSFER:1:non-zero exit (1) from /usr/libexec/condor/curl_plugin. |Error: Can't open /home/ageppert/single_photon_challenge/diffusion/mnist_diffusion/generated_samples.png for writing (with environment: http_proxy='http://squid-cs-2360.chtc.wisc.edu:3128', https_proxy='') ( URL file = file:///home/ageppert/single_photon_challenge/diffusion/mnist_diffusion/generated_samples.png )|
	Partitionable Resources :     Usage  Request Allocated Assigned
	   Cpus                 :      0           1         1 
	   Disk (KB)            : 138143    41943040  41943040 
	   GPUs                 :      0.94        1         1 "GPU-0cc3c58b"
	   GpusMemory (MB)      :  38335                       
	   IoHeavy              :                            0 
	   Memory (MB)          :   1222       40960     40960 
	   TimeExecute (s)      :   7458                       
	   TimeSlotBusy (s)     :   7942                       
...
012 (4789287.000.000) 2026-03-09 23:06:53 Job was held.
	Transfer output files failure at execution point slot1_3@gpu2010.chtc.wisc.edu using protocol file. Details: Can't open /home/ageppert/single_photon_challenge/diffusion/mnist_diffusion/ddpm_ckpt.pth for writing (with environment: http_proxy='http://squid-cs-2360.chtc.wisc.edu:3128', https_proxy='') ( URL file = file:///home/ageppert/single_photon_challenge/diffusion/mnist_diffusion/ddpm_ckpt.pth )||FILETRANSFER:1:non-zero exit (1) from /usr/libexec/condor/curl_plugin. |Error: Can't open /home/ageppert/single_photon_challenge/diffusion/mnist_diffusion/generated_samples.png for writing (with environment: http_proxy='http://squid-cs-2360.chtc.wisc.edu:3128', https_proxy='') ( URL file = file:///home/ageppert/single_photon_challenge/diffusion/mnist_diffusion/generated_samples.png )|
	Code 12 Subcode 256
...
013 (4789287.000.000) 2026-03-10 10:55:48 Job was released.
	via condor_release (by user ageppert)
...
040 (4789287.000.000) 2026-03-10 11:06:07 Started transferring input files
	Transferring to host: <128.105.69.54:9618?addrs=128.105.69.54-9618+[2607-f388-2200-100-e29d-73ff-fe7b-5346]-9618&alias=hsharma-chtcgpu4000.chtc.wisc.edu&noUDP&sock=slot2_2_3693268_2a23_9093>
...
040 (4789287.000.000) 2026-03-10 11:06:07 Finished transferring input files
...
001 (4789287.000.000) 2026-03-10 11:06:21 Job executing on host: <128.105.69.54:9618?addrs=128.105.69.54-9618+[2607-f388-2200-100-e29d-73ff-fe7b-5346]-9618&alias=hsharma-chtcgpu4000.chtc.wisc.edu&noUDP&sock=startd_1541414_5f87>
	SlotName: slot2_2@hsharma-chtcgpu4000.chtc.wisc.edu
	AvailableGPUs = { GPUs_GPU_e7ae44a1 }
	CondorScratchDir = "/var/lib/condor/execute/slot2/dir_2984937/scratch"
	Cpus = 1
	Disk = 41943040
	GPUs = 1
	GPUs_GPU_e7ae44a1 = [ Id = "GPU-e7ae44a1"; Capability = 9.0; DeviceName = "NVIDIA H200"; DeviceUuid = "e7ae44a1-e27a-f1fb-e3fb-8e2f9afe53b3"; ECCEnabled = true; NvidiaDriver = "570.195.03"; DriverVersion = 12.8; DevicePciBusId = "0000:5D:00.0"; GlobalMemoryMb = 143166; MaxSupportedVersion = 12080 ]
	Memory = 40960
...
006 (4789287.000.000) 2026-03-10 11:11:22 Image size of job updated: 1407
	1407  -  MemoryUsage of job (MB)
	1500000  -  ResidentSetSize of job (KB)
...
040 (4789287.000.000) 2026-03-10 11:46:36 Started transferring output files
...
040 (4789287.000.000) 2026-03-10 11:53:36 Finished transferring output files
...
021 (4789287.000.000) 2026-03-10 11:53:36 Error from starter on slot2_2@hsharma-chtcgpu4000.chtc.wisc.edu:
	STARTER at 128.105.69.54 failed to send file(s) to <128.105.68.113:9618>: : FILETRANSFER:1:non-zero exit (1) from /usr/libexec/condor/curl_plugin. |Error: Can't open /home/ageppert/single_photon_challenge/diffusion/mnist_diffusion/ddpm_ckpt.pth for writing (with environment: http_proxy='http://squid-cs-2360.chtc.wisc.edu:3128', https_proxy='') ( URL file = file:///home/ageppert/single_photon_challenge/diffusion/mnist_diffusion/ddpm_ckpt.pth )||FILETRANSFER:1:non-zero exit (1) from /usr/libexec/condor/curl_plugin. |Error: Can't open /home/ageppert/single_photon_challenge/diffusion/mnist_diffusion/generated_samples.png for writing (with environment: http_proxy='http://squid-cs-2360.chtc.wisc.edu:3128', https_proxy='') ( URL file = file:///home/ageppert/single_photon_challenge/diffusion/mnist_diffusion/generated_samples.png )|; SHADOW failed to receive file(s) from <128.105.69.54:37313>
	Code 13 Subcode 256
...
004 (4789287.000.000) 2026-03-10 11:53:36 Job was evicted. Code 12 Subcode 256
	(0) CPU times
		Usr 0 00:36:23, Sys 0 00:07:04  -  Run Remote Usage
		Usr 0 00:00:00, Sys 0 00:00:00  -  Run Local Usage
	0  -  Run Bytes Sent By Job
	23802  -  Run Bytes Received By Job
	Reason: Transfer output files failure at execution point slot2_2@hsharma-chtcgpu4000.chtc.wisc.edu using protocol file. Details: Can't open /home/ageppert/single_photon_challenge/diffusion/mnist_diffusion/ddpm_ckpt.pth for writing (with environment: http_proxy='http://squid-cs-2360.chtc.wisc.edu:3128', https_proxy='') ( URL file = file:///home/ageppert/single_photon_challenge/diffusion/mnist_diffusion/ddpm_ckpt.pth )||FILETRANSFER:1:non-zero exit (1) from /usr/libexec/condor/curl_plugin. |Error: Can't open /home/ageppert/single_photon_challenge/diffusion/mnist_diffusion/generated_samples.png for writing (with environment: http_proxy='http://squid-cs-2360.chtc.wisc.edu:3128', https_proxy='') ( URL file = file:///home/ageppert/single_photon_challenge/diffusion/mnist_diffusion/generated_samples.png )|
	Partitionable Resources :     Usage  Request Allocated Assigned
	   Cpus                 :      0           1         1 
	   Disk (KB)            : 138300    41943040  41943040 
	   GPUs                 :      0.88        1         1 "GPU-e7ae44a1"
	   GpusMemory (MB)      :  39334                       
	   Memory (MB)          :   1407       40960     40960 
	   TimeExecute (s)      :   2363                       
	   TimeSlotBusy (s)     :   2849                       
...
012 (4789287.000.000) 2026-03-10 11:53:36 Job was held.
	Transfer output files failure at execution point slot2_2@hsharma-chtcgpu4000.chtc.wisc.edu using protocol file. Details: Can't open /home/ageppert/single_photon_challenge/diffusion/mnist_diffusion/ddpm_ckpt.pth for writing (with environment: http_proxy='http://squid-cs-2360.chtc.wisc.edu:3128', https_proxy='') ( URL file = file:///home/ageppert/single_photon_challenge/diffusion/mnist_diffusion/ddpm_ckpt.pth )||FILETRANSFER:1:non-zero exit (1) from /usr/libexec/condor/curl_plugin. |Error: Can't open /home/ageppert/single_photon_challenge/diffusion/mnist_diffusion/generated_samples.png for writing (with environment: http_proxy='http://squid-cs-2360.chtc.wisc.edu:3128', https_proxy='') ( URL file = file:///home/ageppert/single_photon_challenge/diffusion/mnist_diffusion/generated_samples.png )|
	Code 12 Subcode 256
...
009 (4789287.000.000) 2026-03-10 14:51:39 Job was aborted.
	via condor_rm (by user ageppert)
...
