000 (4789594.000.000) 2026-03-10 14:52:15 Job submitted from host: <128.105.68.113:9618?addrs=128.105.68.113-9618+[2607-f388-2200-100-eaeb-d3ff-fea7-d05e]-9618&alias=ap2002.chtc.wisc.edu&noUDP&sock=schedd_8274_dab1>
...
040 (4789594.000.000) 2026-03-10 14:53:50 Started transferring input files
	Transferring to host: <128.105.68.116:9618?addrs=128.105.68.116-9618+[2607-f388-2200-100-7ec2-55ff-fe99-a36a]-9618&alias=gpu4001.chtc.wisc.edu&noUDP&sock=slot1_9_2673890_2576_9818>
...
040 (4789594.000.000) 2026-03-10 14:53:50 Finished transferring input files
...
001 (4789594.000.000) 2026-03-10 14:54:04 Job executing on host: <128.105.68.116:9618?addrs=128.105.68.116-9618+[2607-f388-2200-100-7ec2-55ff-fe99-a36a]-9618&alias=gpu4001.chtc.wisc.edu&noUDP&sock=startd_3638127_1813>
	SlotName: slot1_9@gpu4001.chtc.wisc.edu
	AvailableGPUs = { GPUs_GPU_41aed7ce }
	CondorScratchDir = "/var/lib/condor/execute/slot1/dir_2750495/scratch"
	Cpus = 1
	Disk = 41943040
	GPUs = 1
	GPUs_GPU_41aed7ce = [ Id = "GPU-41aed7ce"; Capability = 8.9; DeviceName = "NVIDIA L40"; DeviceUuid = "41aed7ce-ba3f-2f40-d1bf-7aff40dcb815"; ECCEnabled = true; NvidiaDriver = "570.195.03"; DriverVersion = 12.8; DevicePciBusId = "0000:D5:00.0"; GlobalMemoryMb = 45468; MaxSupportedVersion = 12080 ]
	IoHeavy = 0
	Memory = 40960
...
006 (4789594.000.000) 2026-03-10 14:59:05 Image size of job updated: 1233
	1233  -  MemoryUsage of job (MB)
	1262756  -  ResidentSetSize of job (KB)
...
040 (4789594.000.000) 2026-03-10 17:08:24 Started transferring output files
...
040 (4789594.000.000) 2026-03-10 17:08:25 Finished transferring output files
...
005 (4789594.000.000) 2026-03-10 17:08:25 Job terminated.
	(1) Normal termination (return value 0)
		Usr 0 01:39:22, Sys 0 00:40:32  -  Run Remote Usage
		Usr 0 00:00:00, Sys 0 00:00:00  -  Run Local Usage
		Usr 0 01:39:22, Sys 0 00:40:32  -  Total Remote Usage
		Usr 0 00:00:00, Sys 0 00:00:00  -  Total Local Usage
	74831452  -  Run Bytes Sent By Job
	23802  -  Run Bytes Received By Job
	74831452  -  Total Bytes Sent By Job
	23802  -  Total Bytes Received By Job
	Partitionable Resources :     Usage  Request Allocated Assigned
	   Cpus                 :      0.00        1         1 
	   Disk (KB)            : 138272    41943040  41943040 
	   GPUs                 :      0.98        1         1 "GPU-41aed7ce"
	   GpusMemory (MB)      :  38095                       
	   IoHeavy              :                            0 
	   Memory (MB)          :   1233       40960     40960 
	   TimeExecute (s)      :   8019                       
	   TimeSlotBusy (s)     :   8075                       
...
